<?xml version="1.0" encoding="UTF-8"?>
<!-- Generated by org.testng.reporters.JUnitReportReporter -->
<testsuite hostname="LAPTOP-GE3ME4IV" failures="0" tests="1" name="driverFactory.AppTest" time="29.710" errors="0" timestamp="2024-11-28T00:35:06 IST" skipped="0">
  <testcase classname="driverFactory.AppTest" name="StartTest" time="29.710">
    <system-out>
      <![CDATA[No of rows are ::1
Runtime_Value :: $75600    Expected_Value$110700  Expected value is not matching with Actual]]>
    </system-out>
  </testcase> <!-- StartTest -->
  <system-out>
    <![CDATA[URL launched Successfully in Chrome Browser
Navigated to Revenue-calculator page Successfully in Chrome Browser
No of rows are ::1
Runtime_Value :: $75600    Expected_Value$110700  Expected value is not matching with Actual]]>
  </system-out>
</testsuite> <!-- driverFactory.AppTest -->
